{"total": {"lines":{"total":421,"covered":394,"skipped":0,"pct":93.58},"statements":{"total":477,"covered":447,"skipped":0,"pct":93.71},"functions":{"total":102,"covered":95,"skipped":0,"pct":93.13},"branches":{"total":367,"covered":295,"skipped":0,"pct":80.38},"branchesTrue":{"total":0,"covered":0,"skipped":0,"pct":100}}
,"/workspace/karmaverse-engine/src/mastra.ts": {"lines":{"total":1,"covered":0,"skipped":0,"pct":0},"functions":{"total":0,"covered":0,"skipped":0,"pct":100},"statements":{"total":1,"covered":0,"skipped":0,"pct":0},"branches":{"total":0,"covered":0,"skipped":0,"pct":100}}
,"/workspace/karmaverse-engine/src/agents/decide-agent.ts": {"lines":{"total":1,"covered":0,"skipped":0,"pct":0},"functions":{"total":0,"covered":0,"skipped":0,"pct":100},"statements":{"total":1,"covered":0,"skipped":0,"pct":0},"branches":{"total":0,"covered":0,"skipped":0,"pct":100}}
,"/workspace/karmaverse-engine/src/agents/ground-agent.ts": {"lines":{"total":1,"covered":0,"skipped":0,"pct":0},"functions":{"total":0,"covered":0,"skipped":0,"pct":100},"statements":{"total":1,"covered":0,"skipped":0,"pct":0},"branches":{"total":0,"covered":0,"skipped":0,"pct":100}}
,"/workspace/karmaverse-engine/src/agents/karma-engine-agent.ts": {"lines":{"total":1,"covered":0,"skipped":0,"pct":0},"functions":{"total":0,"covered":0,"skipped":0,"pct":100},"statements":{"total":1,"covered":0,"skipped":0,"pct":0},"branches":{"total":0,"covered":0,"skipped":0,"pct":100}}
,"/workspace/karmaverse-engine/src/agents/reflect-agent.ts": {"lines":{"total":1,"covered":0,"skipped":0,"pct":0},"functions":{"total":0,"covered":0,"skipped":0,"pct":100},"statements":{"total":1,"covered":0,"skipped":0,"pct":0},"branches":{"total":0,"covered":0,"skipped":0,"pct":100}}
,"/workspace/karmaverse-engine/src/api/server.ts": {"lines":{"total":76,"covered":73,"skipped":0,"pct":96.05},"functions":{"total":16,"covered":15,"skipped":0,"pct":93.75},"statements":{"total":77,"covered":74,"skipped":0,"pct":96.1},"branches":{"total":40,"covered":30,"skipped":0,"pct":75}}
,"/workspace/karmaverse-engine/src/data/biases.ts": {"lines":{"total":1,"covered":1,"skipped":0,"pct":100},"functions":{"total":0,"covered":0,"skipped":0,"pct":100},"statements":{"total":1,"covered":1,"skipped":0,"pct":100},"branches":{"total":0,"covered":0,"skipped":0,"pct":100}}
,"/workspace/karmaverse-engine/src/data/wisdom.ts": {"lines":{"total":4,"covered":4,"skipped":0,"pct":100},"functions":{"total":0,"covered":0,"skipped":0,"pct":100},"statements":{"total":4,"covered":4,"skipped":0,"pct":100},"branches":{"total":0,"covered":0,"skipped":0,"pct":100}}
,"/workspace/karmaverse-engine/src/mcp/server.ts": {"lines":{"total":1,"covered":0,"skipped":0,"pct":0},"functions":{"total":0,"covered":0,"skipped":0,"pct":100},"statements":{"total":1,"covered":0,"skipped":0,"pct":0},"branches":{"total":0,"covered":0,"skipped":0,"pct":100}}
,"/workspace/karmaverse-engine/src/tools/decide/create-decision-framework.ts": {"lines":{"total":40,"covered":36,"skipped":0,"pct":90},"functions":{"total":14,"covered":12,"skipped":0,"pct":85.71},"statements":{"total":51,"covered":45,"skipped":0,"pct":88.23},"branches":{"total":30,"covered":25,"skipped":0,"pct":83.33}}
,"/workspace/karmaverse-engine/src/tools/decide/detect-biases.ts": {"lines":{"total":23,"covered":23,"skipped":0,"pct":100},"functions":{"total":1,"covered":1,"skipped":0,"pct":100},"statements":{"total":23,"covered":23,"skipped":0,"pct":100},"branches":{"total":16,"covered":16,"skipped":0,"pct":100}}
,"/workspace/karmaverse-engine/src/tools/decide/get-wisdom-counsel.ts": {"lines":{"total":21,"covered":21,"skipped":0,"pct":100},"functions":{"total":7,"covered":7,"skipped":0,"pct":100},"statements":{"total":29,"covered":28,"skipped":0,"pct":96.55},"branches":{"total":16,"covered":13,"skipped":0,"pct":81.25}}
,"/workspace/karmaverse-engine/src/tools/decide/log-decision.ts": {"lines":{"total":10,"covered":10,"skipped":0,"pct":100},"functions":{"total":2,"covered":2,"skipped":0,"pct":100},"statements":{"total":11,"covered":11,"skipped":0,"pct":100},"branches":{"total":0,"covered":0,"skipped":0,"pct":100}}
,"/workspace/karmaverse-engine/src/tools/ground/get-affirmation.ts": {"lines":{"total":14,"covered":14,"skipped":0,"pct":100},"functions":{"total":4,"covered":4,"skipped":0,"pct":100},"statements":{"total":19,"covered":19,"skipped":0,"pct":100},"branches":{"total":16,"covered":12,"skipped":0,"pct":75}}
,"/workspace/karmaverse-engine/src/tools/ground/get-breathing-exercise.ts": {"lines":{"total":20,"covered":20,"skipped":0,"pct":100},"functions":{"total":5,"covered":5,"skipped":0,"pct":100},"statements":{"total":24,"covered":24,"skipped":0,"pct":100},"branches":{"total":26,"covered":25,"skipped":0,"pct":96.15}}
,"/workspace/karmaverse-engine/src/tools/ground/get-meditation.ts": {"lines":{"total":12,"covered":11,"skipped":0,"pct":91.66},"functions":{"total":4,"covered":3,"skipped":0,"pct":75},"statements":{"total":13,"covered":12,"skipped":0,"pct":92.3},"branches":{"total":6,"covered":4,"skipped":0,"pct":66.66}}
,"/workspace/karmaverse-engine/src/tools/ground/get-verse.ts": {"lines":{"total":12,"covered":12,"skipped":0,"pct":100},"functions":{"total":4,"covered":4,"skipped":0,"pct":100},"statements":{"total":14,"covered":14,"skipped":0,"pct":100},"branches":{"total":15,"covered":13,"skipped":0,"pct":86.66}}
,"/workspace/karmaverse-engine/src/tools/ground/mindfulness-check-in.ts": {"lines":{"total":17,"covered":17,"skipped":0,"pct":100},"functions":{"total":7,"covered":7,"skipped":0,"pct":100},"statements":{"total":23,"covered":23,"skipped":0,"pct":100},"branches":{"total":24,"covered":21,"skipped":0,"pct":87.5}}
,"/workspace/karmaverse-engine/src/tools/ground/search-wisdom.ts": {"lines":{"total":30,"covered":28,"skipped":0,"pct":93.33},"functions":{"total":7,"covered":7,"skipped":0,"pct":100},"statements":{"total":31,"covered":29,"skipped":0,"pct":93.54},"branches":{"total":22,"covered":19,"skipped":0,"pct":86.36}}
,"/workspace/karmaverse-engine/src/tools/ground/verse-of-the-day.ts": {"lines":{"total":10,"covered":10,"skipped":0,"pct":100},"functions":{"total":2,"covered":2,"skipped":0,"pct":100},"statements":{"total":11,"covered":11,"skipped":0,"pct":100},"branches":{"total":2,"covered":2,"skipped":0,"pct":100}}
,"/workspace/karmaverse-engine/src/tools/reflect/detect-patterns.ts": {"lines":{"total":38,"covered":33,"skipped":0,"pct":86.84},"functions":{"total":14,"covered":12,"skipped":0,"pct":85.71},"statements":{"total":47,"covered":42,"skipped":0,"pct":89.36},"branches":{"total":56,"covered":33,"skipped":0,"pct":58.92}}
,"/workspace/karmaverse-engine/src/tools/reflect/generate-reflection.ts": {"lines":{"total":48,"covered":46,"skipped":0,"pct":95.83},"functions":{"total":8,"covered":8,"skipped":0,"pct":100},"statements":{"total":51,"covered":49,"skipped":0,"pct":96.07},"branches":{"total":62,"covered":51,"skipped":0,"pct":82.25}}
,"/workspace/karmaverse-engine/src/tools/reflect/get-pending-reflections.ts": {"lines":{"total":15,"covered":14,"skipped":0,"pct":93.33},"functions":{"total":6,"covered":5,"skipped":0,"pct":83.33},"statements":{"total":18,"covered":17,"skipped":0,"pct":94.44},"branches":{"total":10,"covered":10,"skipped":0,"pct":100}}
,"/workspace/karmaverse-engine/src/tools/reflect/log-outcome.ts": {"lines":{"total":24,"covered":21,"skipped":0,"pct":87.5},"functions":{"total":1,"covered":1,"skipped":0,"pct":100},"statements":{"total":24,"covered":21,"skipped":0,"pct":87.5},"branches":{"total":26,"covered":21,"skipped":0,"pct":80.76}}
}
